<?xml version="1.0" encoding="UTF-8"?>
<testsuite xmlns:xsi="http://www.w3.org/2001/XMLSchema-instance" xsi:noNamespaceSchemaLocation="https://maven.apache.org/surefire/maven-surefire-plugin/xsd/surefire-test-report-3.0.xsd" version="3.0" name="com.bank.simulator.validation.CustomerValidatorTest" time="0.015" tests="15" errors="0" skipped="0" failures="0">
  <properties>
    <property name="java.specification.version" value="22"/>
    <property name="sun.cpu.isalist" value="amd64"/>
    <property name="sun.jnu.encoding" value="Cp1252"/>
    <property name="java.class.path" value="D:\meeting\without valid\bank-simulation\target\test-classes;D:\meeting\without valid\bank-simulation\target\classes;C:\Users\Shreyash Shinde\.m2\repository\org\glassfish\jersey\core\jersey-server\3.1.3\jersey-server-3.1.3.jar;C:\Users\Shreyash Shinde\.m2\repository\org\glassfish\jersey\core\jersey-common\3.1.3\jersey-common-3.1.3.jar;C:\Users\Shreyash Shinde\.m2\repository\org\glassfish\hk2\osgi-resource-locator\1.0.3\osgi-resource-locator-1.0.3.jar;C:\Users\Shreyash Shinde\.m2\repository\org\glassfish\jersey\core\jersey-client\3.1.3\jersey-client-3.1.3.jar;C:\Users\Shreyash Shinde\.m2\repository\jakarta\annotation\jakarta.annotation-api\2.1.1\jakarta.annotation-api-2.1.1.jar;C:\Users\Shreyash Shinde\.m2\repository\jakarta\inject\jakarta.inject-api\2.0.1\jakarta.inject-api-2.0.1.jar;C:\Users\Shreyash Shinde\.m2\repository\jakarta\validation\jakarta.validation-api\3.0.2\jakarta.validation-api-3.0.2.jar;C:\Users\Shreyash Shinde\.m2\repository\org\glassfish\jersey\containers\jersey-container-servlet\3.1.3\jersey-container-servlet-3.1.3.jar;C:\Users\Shreyash Shinde\.m2\repository\org\glassfish\jersey\containers\jersey-container-servlet-core\3.1.3\jersey-container-servlet-core-3.1.3.jar;C:\Users\Shreyash Shinde\.m2\repository\org\glassfish\jersey\media\jersey-media-json-binding\3.1.3\jersey-media-json-binding-3.1.3.jar;C:\Users\Shreyash Shinde\.m2\repository\jakarta\json\jakarta.json-api\2.1.2\jakarta.json-api-2.1.2.jar;C:\Users\Shreyash Shinde\.m2\repository\jakarta\json\bind\jakarta.json.bind-api\3.0.0\jakarta.json.bind-api-3.0.0.jar;C:\Users\Shreyash Shinde\.m2\repository\org\eclipse\parsson\parsson\1.1.1\parsson-1.1.1.jar;C:\Users\Shreyash Shinde\.m2\repository\org\eclipse\yasson\3.0.3\yasson-3.0.3.jar;C:\Users\Shreyash Shinde\.m2\repository\org\glassfish\jersey\media\jersey-media-json-jackson\3.1.3\jersey-media-json-jackson-3.1.3.jar;C:\Users\Shreyash Shinde\.m2\repository\org\glassfish\jersey\ext\jersey-entity-filtering\3.1.3\jersey-entity-filtering-3.1.3.jar;C:\Users\Shreyash Shinde\.m2\repository\com\fasterxml\jackson\core\jackson-annotations\2.14.1\jackson-annotations-2.14.1.jar;C:\Users\Shreyash Shinde\.m2\repository\com\fasterxml\jackson\core\jackson-databind\2.14.1\jackson-databind-2.14.1.jar;C:\Users\Shreyash Shinde\.m2\repository\com\fasterxml\jackson\core\jackson-core\2.14.1\jackson-core-2.14.1.jar;C:\Users\Shreyash Shinde\.m2\repository\com\fasterxml\jackson\module\jackson-module-jakarta-xmlbind-annotations\2.14.1\jackson-module-jakarta-xmlbind-annotations-2.14.1.jar;C:\Users\Shreyash Shinde\.m2\repository\jakarta\xml\bind\jakarta.xml.bind-api\4.0.0\jakarta.xml.bind-api-4.0.0.jar;C:\Users\Shreyash Shinde\.m2\repository\jakarta\activation\jakarta.activation-api\2.1.0\jakarta.activation-api-2.1.0.jar;C:\Users\Shreyash Shinde\.m2\repository\org\glassfish\jersey\inject\jersey-hk2\3.1.3\jersey-hk2-3.1.3.jar;C:\Users\Shreyash Shinde\.m2\repository\org\glassfish\hk2\hk2-locator\3.0.4\hk2-locator-3.0.4.jar;C:\Users\Shreyash Shinde\.m2\repository\org\glassfish\hk2\external\aopalliance-repackaged\3.0.4\aopalliance-repackaged-3.0.4.jar;C:\Users\Shreyash Shinde\.m2\repository\org\glassfish\hk2\hk2-api\3.0.4\hk2-api-3.0.4.jar;C:\Users\Shreyash Shinde\.m2\repository\org\glassfish\hk2\hk2-utils\3.0.4\hk2-utils-3.0.4.jar;C:\Users\Shreyash Shinde\.m2\repository\org\javassist\javassist\3.29.2-GA\javassist-3.29.2-GA.jar;C:\Users\Shreyash Shinde\.m2\repository\jakarta\servlet\jakarta.servlet-api\6.0.0\jakarta.servlet-api-6.0.0.jar;C:\Users\Shreyash Shinde\.m2\repository\com\mysql\mysql-connector-j\9.2.0\mysql-connector-j-9.2.0.jar;C:\Users\Shreyash Shinde\.m2\repository\com\google\protobuf\protobuf-java\4.29.0\protobuf-java-4.29.0.jar;C:\Users\Shreyash Shinde\.m2\repository\jakarta\ws\rs\jakarta.ws.rs-api\3.1.0\jakarta.ws.rs-api-3.1.0.jar;C:\Users\Shreyash Shinde\.m2\repository\org\junit\jupiter\junit-jupiter-engine\5.10.0\junit-jupiter-engine-5.10.0.jar;C:\Users\Shreyash Shinde\.m2\repository\org\junit\platform\junit-platform-engine\1.10.0\junit-platform-engine-1.10.0.jar;C:\Users\Shreyash Shinde\.m2\repository\org\apiguardian\apiguardian-api\1.1.2\apiguardian-api-1.1.2.jar;C:\Users\Shreyash Shinde\.m2\repository\org\junit\jupiter\junit-jupiter-api\5.10.0\junit-jupiter-api-5.10.0.jar;C:\Users\Shreyash Shinde\.m2\repository\org\opentest4j\opentest4j\1.3.0\opentest4j-1.3.0.jar;C:\Users\Shreyash Shinde\.m2\repository\org\junit\platform\junit-platform-commons\1.10.0\junit-platform-commons-1.10.0.jar;C:\Users\Shreyash Shinde\.m2\repository\org\junit\jupiter\junit-jupiter-params\5.10.0\junit-jupiter-params-5.10.0.jar;C:\Users\Shreyash Shinde\.m2\repository\org\mockito\mockito-core\5.7.0\mockito-core-5.7.0.jar;C:\Users\Shreyash Shinde\.m2\repository\org\objenesis\objenesis\3.3\objenesis-3.3.jar;C:\Users\Shreyash Shinde\.m2\repository\org\mockito\mockito-junit-jupiter\5.7.0\mockito-junit-jupiter-5.7.0.jar;C:\Users\Shreyash Shinde\.m2\repository\net\bytebuddy\byte-buddy\1.14.9\byte-buddy-1.14.9.jar;C:\Users\Shreyash Shinde\.m2\repository\net\bytebuddy\byte-buddy-agent\1.14.9\byte-buddy-agent-1.14.9.jar;C:\Users\Shreyash Shinde\.m2\repository\org\glassfish\jersey\test-framework\jersey-test-framework-core\3.1.3\jersey-test-framework-core-3.1.3.jar;C:\Users\Shreyash Shinde\.m2\repository\org\glassfish\jersey\media\jersey-media-jaxb\3.1.3\jersey-media-jaxb-3.1.3.jar;C:\Users\Shreyash Shinde\.m2\repository\org\junit\jupiter\junit-jupiter\5.9.3\junit-jupiter-5.9.3.jar;C:\Users\Shreyash Shinde\.m2\repository\org\hamcrest\hamcrest\2.2\hamcrest-2.2.jar;C:\Users\Shreyash Shinde\.m2\repository\org\glassfish\jersey\test-framework\providers\jersey-test-framework-provider-grizzly2\3.1.3\jersey-test-framework-provider-grizzly2-3.1.3.jar;C:\Users\Shreyash Shinde\.m2\repository\org\glassfish\jersey\containers\jersey-container-grizzly2-http\3.1.3\jersey-container-grizzly2-http-3.1.3.jar;C:\Users\Shreyash Shinde\.m2\repository\org\glassfish\grizzly\grizzly-http-server\4.0.0\grizzly-http-server-4.0.0.jar;C:\Users\Shreyash Shinde\.m2\repository\org\glassfish\grizzly\grizzly-http\4.0.0\grizzly-http-4.0.0.jar;C:\Users\Shreyash Shinde\.m2\repository\org\glassfish\grizzly\grizzly-framework\4.0.0\grizzly-framework-4.0.0.jar;C:\Users\Shreyash Shinde\.m2\repository\org\glassfish\jersey\containers\jersey-container-grizzly2-servlet\3.1.3\jersey-container-grizzly2-servlet-3.1.3.jar;C:\Users\Shreyash Shinde\.m2\repository\org\glassfish\grizzly\grizzly-http-servlet\4.0.0\grizzly-http-servlet-4.0.0.jar;"/>
    <property name="java.vm.vendor" value="Oracle Corporation"/>
    <property name="sun.arch.data.model" value="64"/>
    <property name="user.variant" value=""/>
    <property name="java.vendor.url" value="https://java.oracle.com/"/>
    <property name="user.timezone" value="Asia/Calcutta"/>
    <property name="os.name" value="Windows 11"/>
    <property name="java.vm.specification.version" value="22"/>
    <property name="sun.java.launcher" value="SUN_STANDARD"/>
    <property name="user.country" value="IN"/>
    <property name="sun.boot.library.path" value="C:\Program Files\Java\jdk-22\bin"/>
    <property name="sun.java.command" value="C:\Users\Shreyash Shinde\AppData\Local\Temp\surefire7612895071520040198\surefirebooter-20251014162622445_3.jar C:\Users\Shreyash Shinde\AppData\Local\Temp\surefire7612895071520040198 2025-10-14T16-26-22_279-jvmRun1 surefire-20251014162622445_1tmp surefire_0-20251014162622445_2tmp"/>
    <property name="jdk.debug" value="release"/>
    <property name="surefire.test.class.path" value="D:\meeting\without valid\bank-simulation\target\test-classes;D:\meeting\without valid\bank-simulation\target\classes;C:\Users\Shreyash Shinde\.m2\repository\org\glassfish\jersey\core\jersey-server\3.1.3\jersey-server-3.1.3.jar;C:\Users\Shreyash Shinde\.m2\repository\org\glassfish\jersey\core\jersey-common\3.1.3\jersey-common-3.1.3.jar;C:\Users\Shreyash Shinde\.m2\repository\org\glassfish\hk2\osgi-resource-locator\1.0.3\osgi-resource-locator-1.0.3.jar;C:\Users\Shreyash Shinde\.m2\repository\org\glassfish\jersey\core\jersey-client\3.1.3\jersey-client-3.1.3.jar;C:\Users\Shreyash Shinde\.m2\repository\jakarta\annotation\jakarta.annotation-api\2.1.1\jakarta.annotation-api-2.1.1.jar;C:\Users\Shreyash Shinde\.m2\repository\jakarta\inject\jakarta.inject-api\2.0.1\jakarta.inject-api-2.0.1.jar;C:\Users\Shreyash Shinde\.m2\repository\jakarta\validation\jakarta.validation-api\3.0.2\jakarta.validation-api-3.0.2.jar;C:\Users\Shreyash Shinde\.m2\repository\org\glassfish\jersey\containers\jersey-container-servlet\3.1.3\jersey-container-servlet-3.1.3.jar;C:\Users\Shreyash Shinde\.m2\repository\org\glassfish\jersey\containers\jersey-container-servlet-core\3.1.3\jersey-container-servlet-core-3.1.3.jar;C:\Users\Shreyash Shinde\.m2\repository\org\glassfish\jersey\media\jersey-media-json-binding\3.1.3\jersey-media-json-binding-3.1.3.jar;C:\Users\Shreyash Shinde\.m2\repository\jakarta\json\jakarta.json-api\2.1.2\jakarta.json-api-2.1.2.jar;C:\Users\Shreyash Shinde\.m2\repository\jakarta\json\bind\jakarta.json.bind-api\3.0.0\jakarta.json.bind-api-3.0.0.jar;C:\Users\Shreyash Shinde\.m2\repository\org\eclipse\parsson\parsson\1.1.1\parsson-1.1.1.jar;C:\Users\Shreyash Shinde\.m2\repository\org\eclipse\yasson\3.0.3\yasson-3.0.3.jar;C:\Users\Shreyash Shinde\.m2\repository\org\glassfish\jersey\media\jersey-media-json-jackson\3.1.3\jersey-media-json-jackson-3.1.3.jar;C:\Users\Shreyash Shinde\.m2\repository\org\glassfish\jersey\ext\jersey-entity-filtering\3.1.3\jersey-entity-filtering-3.1.3.jar;C:\Users\Shreyash Shinde\.m2\repository\com\fasterxml\jackson\core\jackson-annotations\2.14.1\jackson-annotations-2.14.1.jar;C:\Users\Shreyash Shinde\.m2\repository\com\fasterxml\jackson\core\jackson-databind\2.14.1\jackson-databind-2.14.1.jar;C:\Users\Shreyash Shinde\.m2\repository\com\fasterxml\jackson\core\jackson-core\2.14.1\jackson-core-2.14.1.jar;C:\Users\Shreyash Shinde\.m2\repository\com\fasterxml\jackson\module\jackson-module-jakarta-xmlbind-annotations\2.14.1\jackson-module-jakarta-xmlbind-annotations-2.14.1.jar;C:\Users\Shreyash Shinde\.m2\repository\jakarta\xml\bind\jakarta.xml.bind-api\4.0.0\jakarta.xml.bind-api-4.0.0.jar;C:\Users\Shreyash Shinde\.m2\repository\jakarta\activation\jakarta.activation-api\2.1.0\jakarta.activation-api-2.1.0.jar;C:\Users\Shreyash Shinde\.m2\repository\org\glassfish\jersey\inject\jersey-hk2\3.1.3\jersey-hk2-3.1.3.jar;C:\Users\Shreyash Shinde\.m2\repository\org\glassfish\hk2\hk2-locator\3.0.4\hk2-locator-3.0.4.jar;C:\Users\Shreyash Shinde\.m2\repository\org\glassfish\hk2\external\aopalliance-repackaged\3.0.4\aopalliance-repackaged-3.0.4.jar;C:\Users\Shreyash Shinde\.m2\repository\org\glassfish\hk2\hk2-api\3.0.4\hk2-api-3.0.4.jar;C:\Users\Shreyash Shinde\.m2\repository\org\glassfish\hk2\hk2-utils\3.0.4\hk2-utils-3.0.4.jar;C:\Users\Shreyash Shinde\.m2\repository\org\javassist\javassist\3.29.2-GA\javassist-3.29.2-GA.jar;C:\Users\Shreyash Shinde\.m2\repository\jakarta\servlet\jakarta.servlet-api\6.0.0\jakarta.servlet-api-6.0.0.jar;C:\Users\Shreyash Shinde\.m2\repository\com\mysql\mysql-connector-j\9.2.0\mysql-connector-j-9.2.0.jar;C:\Users\Shreyash Shinde\.m2\repository\com\google\protobuf\protobuf-java\4.29.0\protobuf-java-4.29.0.jar;C:\Users\Shreyash Shinde\.m2\repository\jakarta\ws\rs\jakarta.ws.rs-api\3.1.0\jakarta.ws.rs-api-3.1.0.jar;C:\Users\Shreyash Shinde\.m2\repository\org\junit\jupiter\junit-jupiter-engine\5.10.0\junit-jupiter-engine-5.10.0.jar;C:\Users\Shreyash Shinde\.m2\repository\org\junit\platform\junit-platform-engine\1.10.0\junit-platform-engine-1.10.0.jar;C:\Users\Shreyash Shinde\.m2\repository\org\apiguardian\apiguardian-api\1.1.2\apiguardian-api-1.1.2.jar;C:\Users\Shreyash Shinde\.m2\repository\org\junit\jupiter\junit-jupiter-api\5.10.0\junit-jupiter-api-5.10.0.jar;C:\Users\Shreyash Shinde\.m2\repository\org\opentest4j\opentest4j\1.3.0\opentest4j-1.3.0.jar;C:\Users\Shreyash Shinde\.m2\repository\org\junit\platform\junit-platform-commons\1.10.0\junit-platform-commons-1.10.0.jar;C:\Users\Shreyash Shinde\.m2\repository\org\junit\jupiter\junit-jupiter-params\5.10.0\junit-jupiter-params-5.10.0.jar;C:\Users\Shreyash Shinde\.m2\repository\org\mockito\mockito-core\5.7.0\mockito-core-5.7.0.jar;C:\Users\Shreyash Shinde\.m2\repository\org\objenesis\objenesis\3.3\objenesis-3.3.jar;C:\Users\Shreyash Shinde\.m2\repository\org\mockito\mockito-junit-jupiter\5.7.0\mockito-junit-jupiter-5.7.0.jar;C:\Users\Shreyash Shinde\.m2\repository\net\bytebuddy\byte-buddy\1.14.9\byte-buddy-1.14.9.jar;C:\Users\Shreyash Shinde\.m2\repository\net\bytebuddy\byte-buddy-agent\1.14.9\byte-buddy-agent-1.14.9.jar;C:\Users\Shreyash Shinde\.m2\repository\org\glassfish\jersey\test-framework\jersey-test-framework-core\3.1.3\jersey-test-framework-core-3.1.3.jar;C:\Users\Shreyash Shinde\.m2\repository\org\glassfish\jersey\media\jersey-media-jaxb\3.1.3\jersey-media-jaxb-3.1.3.jar;C:\Users\Shreyash Shinde\.m2\repository\org\junit\jupiter\junit-jupiter\5.9.3\junit-jupiter-5.9.3.jar;C:\Users\Shreyash Shinde\.m2\repository\org\hamcrest\hamcrest\2.2\hamcrest-2.2.jar;C:\Users\Shreyash Shinde\.m2\repository\org\glassfish\jersey\test-framework\providers\jersey-test-framework-provider-grizzly2\3.1.3\jersey-test-framework-provider-grizzly2-3.1.3.jar;C:\Users\Shreyash Shinde\.m2\repository\org\glassfish\jersey\containers\jersey-container-grizzly2-http\3.1.3\jersey-container-grizzly2-http-3.1.3.jar;C:\Users\Shreyash Shinde\.m2\repository\org\glassfish\grizzly\grizzly-http-server\4.0.0\grizzly-http-server-4.0.0.jar;C:\Users\Shreyash Shinde\.m2\repository\org\glassfish\grizzly\grizzly-http\4.0.0\grizzly-http-4.0.0.jar;C:\Users\Shreyash Shinde\.m2\repository\org\glassfish\grizzly\grizzly-framework\4.0.0\grizzly-framework-4.0.0.jar;C:\Users\Shreyash Shinde\.m2\repository\org\glassfish\jersey\containers\jersey-container-grizzly2-servlet\3.1.3\jersey-container-grizzly2-servlet-3.1.3.jar;C:\Users\Shreyash Shinde\.m2\repository\org\glassfish\grizzly\grizzly-http-servlet\4.0.0\grizzly-http-servlet-4.0.0.jar;"/>
    <property name="sun.cpu.endian" value="little"/>
    <property name="user.home" value="C:\Users\Shreyash Shinde"/>
    <property name="user.language" value="en"/>
    <property name="java.specification.vendor" value="Oracle Corporation"/>
    <property name="java.version.date" value="2024-07-16"/>
    <property name="java.home" value="C:\Program Files\Java\jdk-22"/>
    <property name="file.separator" value="\"/>
    <property name="basedir" value="D:\meeting\without valid\bank-simulation"/>
    <property name="java.vm.compressedOopsMode" value="32-bit"/>
    <property name="line.separator" value="&#10;"/>
    <property name="java.vm.specification.vendor" value="Oracle Corporation"/>
    <property name="java.specification.name" value="Java Platform API Specification"/>
    <property name="surefire.real.class.path" value="C:\Users\Shreyash Shinde\AppData\Local\Temp\surefire7612895071520040198\surefirebooter-20251014162622445_3.jar"/>
    <property name="user.script" value=""/>
    <property name="sun.management.compiler" value="HotSpot 64-Bit Tiered Compilers"/>
    <property name="java.runtime.version" value="22.0.2+9-70"/>
    <property name="user.name" value="Shreyash Shinde"/>
    <property name="stdout.encoding" value="Cp1252"/>
    <property name="path.separator" value=";"/>
    <property name="os.version" value="10.0"/>
    <property name="java.runtime.name" value="Java(TM) SE Runtime Environment"/>
    <property name="file.encoding" value="UTF-8"/>
    <property name="java.vm.name" value="Java HotSpot(TM) 64-Bit Server VM"/>
    <property name="localRepository" value="C:\Users\Shreyash Shinde\.m2\repository"/>
    <property name="java.vendor.url.bug" value="https://bugreport.java.com/bugreport/"/>
    <property name="java.io.tmpdir" value="C:\Users\SHREYA~1\AppData\Local\Temp\"/>
    <property name="java.version" value="22.0.2"/>
    <property name="user.dir" value="D:\meeting\without valid\bank-simulation"/>
    <property name="os.arch" value="amd64"/>
    <property name="java.vm.specification.name" value="Java Virtual Machine Specification"/>
    <property name="sun.os.patch.level" value=""/>
    <property name="native.encoding" value="Cp1252"/>
    <property name="java.library.path" value="C:\Program Files\Java\jdk-22\bin;C:\WINDOWS\Sun\Java\bin;C:\WINDOWS\system32;C:\WINDOWS;C:\Program Files\Common Files\Oracle\Java\javapath;C:\Program Files (x86)\Common Files\Oracle\Java\java8path;C:\Program Files (x86)\Common Files\Oracle\Java\javapath;C:\GnuWin32\bin;C:\Program Files\Java\jdk-22\bin;C:\WINDOWS\system32;C:\WINDOWS;C:\WINDOWS\System32\Wbem;C:\WINDOWS\System32\WindowsPowerShell\v1.0\;C:\WINDOWS\System32\OpenSSH\;C:\Program Files\Java\jdk-22\bin;C:\Program Files\nodejs\;C:\Program Files\MongoDB\Server\8.0\bin;C:\Users\Shreyash Shinde\Downloads\apache-maven-3.9.11-bin\apache-maven-3.9.11\bin;C:\apache-tomcat-10.1.46\bin;C:\Program Files\Git\cmd;C:\Program Files\Git\mingw64\bin;C:\Program Files\Git\usr\bin;C:\Users\Shreyash Shinde\AppData\Local\Programs\Python\Python310\Scripts\;C:\Users\Shreyash Shinde\AppData\Local\Programs\Python\Python310\;C:\Users\Shreyash Shinde\AppData\Local\Programs\Python\Python313\Scripts\;C:\Users\Shreyash Shinde\AppData\Local\Programs\Python\Python313\;C:\Program Files\MySQL\MySQL Shell 8.0\bin\;C:\Users\Shreyash Shinde\AppData\Local\Programs\Python\Python311\Scripts\;C:\Users\Shreyash Shinde\AppData\Local\Programs\Python\Python311\;C:\Users\Shreyash Shinde\AppData\Local\Microsoft\WindowsApps;D:\pycharm\PyCharm 2023.2.1\bin;;C:\Users\Shreyash Shinde\AppData\Local\Programs\Microsoft VS Code\bin;C:\Program Files\JetBrains\IntelliJ IDEA Community Edition 2024.3.2.1\bin;;C:\MinGW\bin;C:\MinGW\;C:\Users\Shreyash Shinde\AppData\Local\GitHubDesktop\bin;;C:\Program Files\JetBrains\IntelliJ IDEA 2025.1\bin;;C:\Users\Shreyash Shinde\AppData\Roaming\npm;C:\Users\Shreyash Shinde\AppData\Local\Programs\cursor\resources\app\bin;c:\Users\Shreyash Shinde\AppData\Roaming\Code\User\globalStorage\github.copilot-chat\debugCommand;."/>
    <property name="java.vm.info" value="mixed mode, sharing"/>
    <property name="stderr.encoding" value="Cp1252"/>
    <property name="java.vendor" value="Oracle Corporation"/>
    <property name="java.vm.version" value="22.0.2+9-70"/>
    <property name="sun.io.unicode.encoding" value="UnicodeLittle"/>
    <property name="java.class.version" value="66.0"/>
  </properties>
  <testcase name="testPhoneTooShort" classname="com.bank.simulator.validation.CustomerValidatorTest" time="0.0"/>
  <testcase name="testInvalidEmailFormat" classname="com.bank.simulator.validation.CustomerValidatorTest" time="0.0"/>
  <testcase name="testValidAddress" classname="com.bank.simulator.validation.CustomerValidatorTest" time="0.001"/>
  <testcase name="testValidEmail" classname="com.bank.simulator.validation.CustomerValidatorTest" time="0.001"/>
  <testcase name="testEmptyName" classname="com.bank.simulator.validation.CustomerValidatorTest" time="0.001"/>
  <testcase name="testPhoneTooLong" classname="com.bank.simulator.validation.CustomerValidatorTest" time="0.0"/>
  <testcase name="testNameWithNumbers" classname="com.bank.simulator.validation.CustomerValidatorTest" time="0.0"/>
  <testcase name="testValidName" classname="com.bank.simulator.validation.CustomerValidatorTest" time="0.001"/>
  <testcase name="testValidPhoneNumber" classname="com.bank.simulator.validation.CustomerValidatorTest" time="0.001"/>
  <testcase name="testInvalidPhoneNumber" classname="com.bank.simulator.validation.CustomerValidatorTest" time="0.001"/>
  <testcase name="testFutureDateOfBirth" classname="com.bank.simulator.validation.CustomerValidatorTest" time="0.001"/>
  <testcase name="testValidDateOfBirth" classname="com.bank.simulator.validation.CustomerValidatorTest" time="0.001"/>
  <testcase name="testInvalidAadharLength" classname="com.bank.simulator.validation.CustomerValidatorTest" time="0.001"/>
  <testcase name="testValidAadhar" classname="com.bank.simulator.validation.CustomerValidatorTest" time="0.0"/>
  <testcase name="testPhoneStartsWithZero" classname="com.bank.simulator.validation.CustomerValidatorTest" time="0.0"/>
</testsuite>